{"total": {"lines":{"total":361,"covered":286,"skipped":0,"pct":79.22},"statements":{"total":402,"covered":312,"skipped":0,"pct":77.61},"functions":{"total":82,"covered":63,"skipped":0,"pct":76.82},"branches":{"total":187,"covered":116,"skipped":0,"pct":62.03},"branchesTrue":{"total":0,"covered":0,"skipped":0,"pct":100}}
,"C:\\Users\\Sistemas Hdv\\Desktop\\ferrefacil-fiados\\src\\app.js": {"lines":{"total":32,"covered":30,"skipped":0,"pct":93.75},"functions":{"total":5,"covered":3,"skipped":0,"pct":60},"statements":{"total":33,"covered":30,"skipped":0,"pct":90.9},"branches":{"total":4,"covered":3,"skipped":0,"pct":75}}
,"C:\\Users\\Sistemas Hdv\\Desktop\\ferrefacil-fiados\\src\\auth.js": {"lines":{"total":26,"covered":23,"skipped":0,"pct":88.46},"functions":{"total":5,"covered":4,"skipped":0,"pct":80},"statements":{"total":31,"covered":26,"skipped":0,"pct":83.87},"branches":{"total":16,"covered":13,"skipped":0,"pct":81.25}}
,"C:\\Users\\Sistemas Hdv\\Desktop\\ferrefacil-fiados\\src\\cache.js": {"lines":{"total":21,"covered":21,"skipped":0,"pct":100},"functions":{"total":9,"covered":9,"skipped":0,"pct":100},"statements":{"total":24,"covered":23,"skipped":0,"pct":95.83},"branches":{"total":8,"covered":5,"skipped":0,"pct":62.5}}
,"C:\\Users\\Sistemas Hdv\\Desktop\\ferrefacil-fiados\\src\\db.js": {"lines":{"total":27,"covered":23,"skipped":0,"pct":85.18},"functions":{"total":8,"covered":7,"skipped":0,"pct":87.5},"statements":{"total":29,"covered":25,"skipped":0,"pct":86.2},"branches":{"total":8,"covered":5,"skipped":0,"pct":62.5}}
,"C:\\Users\\Sistemas Hdv\\Desktop\\ferrefacil-fiados\\src\\idempotencia.js": {"lines":{"total":33,"covered":29,"skipped":0,"pct":87.87},"functions":{"total":8,"covered":6,"skipped":0,"pct":75},"statements":{"total":35,"covered":31,"skipped":0,"pct":88.57},"branches":{"total":24,"covered":20,"skipped":0,"pct":83.33}}
,"C:\\Users\\Sistemas Hdv\\Desktop\\ferrefacil-fiados\\src\\migrate.js": {"lines":{"total":36,"covered":25,"skipped":0,"pct":69.44},"functions":{"total":10,"covered":5,"skipped":0,"pct":50},"statements":{"total":39,"covered":25,"skipped":0,"pct":64.1},"branches":{"total":14,"covered":5,"skipped":0,"pct":35.71}}
,"C:\\Users\\Sistemas Hdv\\Desktop\\ferrefacil-fiados\\src\\mora.js": {"lines":{"total":9,"covered":9,"skipped":0,"pct":100},"functions":{"total":2,"covered":2,"skipped":0,"pct":100},"statements":{"total":10,"covered":10,"skipped":0,"pct":100},"branches":{"total":7,"covered":7,"skipped":0,"pct":100}}
,"C:\\Users\\Sistemas Hdv\\Desktop\\ferrefacil-fiados\\src\\oauth-google.js": {"lines":{"total":24,"covered":14,"skipped":0,"pct":58.33},"functions":{"total":9,"covered":7,"skipped":0,"pct":77.77},"statements":{"total":29,"covered":17,"skipped":0,"pct":58.62},"branches":{"total":26,"covered":11,"skipped":0,"pct":42.3}}
,"C:\\Users\\Sistemas Hdv\\Desktop\\ferrefacil-fiados\\src\\routes\\auth.js": {"lines":{"total":55,"covered":32,"skipped":0,"pct":58.18},"functions":{"total":7,"covered":5,"skipped":0,"pct":71.42},"statements":{"total":60,"covered":36,"skipped":0,"pct":60},"branches":{"total":28,"covered":14,"skipped":0,"pct":50}}
,"C:\\Users\\Sistemas Hdv\\Desktop\\ferrefacil-fiados\\src\\routes\\clientes.js": {"lines":{"total":28,"covered":21,"skipped":0,"pct":75},"functions":{"total":6,"covered":4,"skipped":0,"pct":66.66},"statements":{"total":33,"covered":24,"skipped":0,"pct":72.72},"branches":{"total":18,"covered":12,"skipped":0,"pct":66.66}}
,"C:\\Users\\Sistemas Hdv\\Desktop\\ferrefacil-fiados\\src\\routes\\fiados.js": {"lines":{"total":40,"covered":36,"skipped":0,"pct":90},"functions":{"total":7,"covered":6,"skipped":0,"pct":85.71},"statements":{"total":46,"covered":39,"skipped":0,"pct":84.78},"branches":{"total":26,"covered":18,"skipped":0,"pct":69.23}}
,"C:\\Users\\Sistemas Hdv\\Desktop\\ferrefacil-fiados\\src\\routes\\health.js": {"lines":{"total":10,"covered":9,"skipped":0,"pct":90},"functions":{"total":1,"covered":1,"skipped":0,"pct":100},"statements":{"total":10,"covered":9,"skipped":0,"pct":90},"branches":{"total":2,"covered":1,"skipped":0,"pct":50}}
,"C:\\Users\\Sistemas Hdv\\Desktop\\ferrefacil-fiados\\src\\routes\\publico.js": {"lines":{"total":20,"covered":14,"skipped":0,"pct":70},"functions":{"total":5,"covered":4,"skipped":0,"pct":80},"statements":{"total":23,"covered":17,"skipped":0,"pct":73.91},"branches":{"total":6,"covered":2,"skipped":0,"pct":33.33}}
}
