TN:
SF:src\app.js
FN:42,(anonymous_0)
FN:53,(anonymous_1)
FN:71,(anonymous_2)
FN:81,(anonymous_3)
FN:89,(anonymous_4)
FNF:5
FNH:3
FNDA:0,(anonymous_0)
FNDA:1,(anonymous_1)
FNDA:7,(anonymous_2)
FNDA:1,(anonymous_3)
FNDA:0,(anonymous_4)
DA:1,2
DA:2,2
DA:3,2
DA:4,2
DA:6,2
DA:7,2
DA:8,2
DA:9,2
DA:10,2
DA:12,2
DA:17,2
DA:22,2
DA:37,2
DA:38,2
DA:41,2
DA:42,2
DA:44,2
DA:45,2
DA:46,2
DA:47,2
DA:48,2
DA:53,2
DA:54,1
DA:67,2
DA:74,7
DA:75,6
DA:81,2
DA:82,1
DA:89,2
DA:90,0
DA:93,0
DA:96,2
LF:32
LH:30
BRDA:41,0,0,2
BRDA:41,0,1,0
BRDA:74,1,0,6
BRDA:74,1,1,1
BRF:4
BRH:3
end_of_record
TN:
SF:src\auth.js
FN:8,crearSesion
FN:18,login
FN:31,logout
FN:38,requireAuth
FN:61,requireAdmin
FNF:5
FNH:4
FNDA:5,crearSesion
FNDA:7,login
FNDA:0,logout
FNDA:36,requireAuth
FNDA:1,requireAdmin
DA:1,2
DA:2,2
DA:3,2
DA:5,2
DA:9,5
DA:10,5
DA:15,5
DA:19,7
DA:20,7
DA:23,7
DA:25,6
DA:26,6
DA:28,5
DA:32,0
DA:39,36
DA:40,36
DA:41,36
DA:43,35
DA:51,35
DA:53,35
DA:54,35
DA:56,0
DA:62,1
DA:63,1
DA:65,0
DA:68,2
LF:26
LH:23
BRDA:20,0,0,0
BRDA:20,0,1,7
BRDA:23,1,0,1
BRDA:23,1,1,6
BRDA:26,2,0,1
BRDA:26,2,1,5
BRDA:40,3,0,36
BRDA:40,3,1,36
BRDA:41,4,0,1
BRDA:41,4,1,35
BRDA:51,5,0,0
BRDA:51,5,1,35
BRDA:62,6,0,1
BRDA:62,6,1,0
BRDA:62,7,0,1
BRDA:62,7,1,1
BRF:16
BRH:13
end_of_record
TN:
SF:src\cache.js
FN:22,memo
FN:32,(anonymous_1)
FN:39,invalidar
FN:44,estado
FN:54,cachePublica
FN:55,(anonymous_5)
FN:71,cachePrivada
FN:72,(anonymous_7)
FN:79,sinCache
FNF:9
FNH:9
FNDA:19,memo
FNDA:2,(anonymous_1)
FNDA:29,invalidar
FNDA:2,estado
FNDA:4,cachePublica
FNDA:7,(anonymous_5)
FNDA:6,cachePrivada
FNDA:1,(anonymous_7)
FNDA:34,sinCache
DA:13,2
DA:15,2
DA:23,19
DA:24,19
DA:26,19
DA:28,11
DA:32,2
DA:34,11
DA:35,11
DA:40,29
DA:41,29
DA:45,2
DA:55,4
DA:56,7
DA:58,7
DA:72,6
DA:73,1
DA:74,1
DA:80,34
DA:81,34
DA:84,2
LF:21
LH:21
BRDA:22,0,0,0
BRDA:26,1,0,8
BRDA:26,1,1,11
BRDA:26,2,0,19
BRDA:26,2,1,9
BRDA:40,3,0,0
BRDA:40,3,1,29
BRDA:54,4,0,0
BRF:8
BRH:5
end_of_record
TN:
SF:src\db.js
FN:21,(anonymous_0)
FN:27,(anonymous_1)
FN:57,(anonymous_2)
FN:62,query
FN:67,one
FN:73,all
FN:79,run
FN:88,tx
FNF:8
FNH:7
FNDA:39,(anonymous_0)
FNDA:146,(anonymous_1)
FNDA:0,(anonymous_2)
FNDA:37,query
FNDA:170,one
FNDA:33,all
FNDA:27,run
FNDA:5,tx
DA:8,3
DA:16,3
DA:21,39
DA:27,146
DA:29,3
DA:30,0
DA:37,3
DA:39,3
DA:57,3
DA:58,0
DA:63,37
DA:68,170
DA:69,170
DA:74,33
DA:75,31
DA:80,27
DA:81,27
DA:89,5
DA:90,5
DA:91,5
DA:92,5
DA:93,5
DA:94,5
DA:96,0
DA:97,0
DA:99,5
DA:103,3
LF:27
LH:23
BRDA:29,0,0,0
BRDA:29,0,1,3
BRDA:37,1,0,3
BRDA:37,1,1,0
BRDA:51,2,0,3
BRDA:51,2,1,3
BRDA:69,3,0,170
BRDA:69,3,1,0
BRF:8
BRH:5
end_of_record
TN:
SF:src\idempotencia.js
FN:23,huellaDe
FN:33,purgarDeVezEnCuando
FN:37,(anonymous_2)
FN:40,idempotente
FN:54,(anonymous_4)
FN:87,(anonymous_5)
FN:96,(anonymous_6)
FN:97,(anonymous_7)
FNF:8
FNH:6
FNDA:14,huellaDe
FNDA:8,purgarDeVezEnCuando
FNDA:0,(anonymous_2)
FNDA:33,idempotente
FNDA:14,(anonymous_4)
FNDA:8,(anonymous_5)
FNDA:0,(anonymous_6)
FNDA:8,(anonymous_7)
DA:18,2
DA:19,2
DA:21,2
DA:24,14
DA:34,8
DA:35,0
DA:37,0
DA:41,33
DA:45,33
DA:47,14
DA:48,0
DA:51,14
DA:52,14
DA:54,14
DA:56,14
DA:63,14
DA:64,6
DA:68,6
DA:69,1
DA:74,5
DA:76,5
DA:77,5
DA:80,0
DA:86,8
DA:87,8
DA:88,8
DA:95,8
DA:96,0
DA:97,8
DA:98,8
DA:101,8
DA:102,8
DA:106,2
LF:33
LH:28
BRDA:25,0,0,0
BRDA:25,0,1,14
BRDA:34,1,0,8
BRDA:34,1,1,0
BRDA:45,2,0,19
BRDA:45,2,1,14
BRDA:47,3,0,0
BRDA:47,3,1,14
BRDA:52,4,0,14
BRDA:52,4,1,0
BRDA:63,5,0,6
BRDA:63,5,1,8
BRDA:68,6,0,1
BRDA:68,6,1,5
BRDA:68,7,0,6
BRDA:68,7,1,6
BRDA:74,8,0,5
BRDA:74,8,1,0
BRDA:74,9,0,5
BRDA:74,9,1,5
BRDA:88,10,0,7
BRDA:88,10,1,1
BRDA:88,11,0,8
BRDA:88,11,1,8
BRF:24
BRH:19
end_of_record
TN:
SF:src\migrate.js
FN:18,listar
FN:20,(anonymous_1)
FN:22,(anonymous_2)
FN:27,yaAplicadas
FN:30,(anonymous_4)
FN:36,aplicar
FN:64,(anonymous_6)
FN:77,(anonymous_7)
FN:79,(anonymous_8)
FN:80,(anonymous_9)
FNF:10
FNH:5
FNDA:2,listar
FNDA:14,(anonymous_1)
FNDA:12,(anonymous_2)
FNDA:2,yaAplicadas
FNDA:0,(anonymous_4)
FNDA:2,aplicar
FNDA:0,(anonymous_6)
FNDA:0,(anonymous_7)
FNDA:0,(anonymous_8)
FNDA:0,(anonymous_9)
DA:10,2
DA:11,2
DA:12,2
DA:13,2
DA:15,2
DA:19,2
DA:20,14
DA:22,12
DA:28,2
DA:29,2
DA:30,0
DA:32,2
DA:37,2
DA:38,2
DA:41,2
DA:42,2
DA:43,2
DA:45,2
DA:46,10
DA:47,10
DA:48,0
DA:49,0
DA:51,10
DA:52,10
DA:53,10
DA:56,2
DA:59,2
DA:63,2
DA:64,0
DA:65,0
DA:66,0
DA:68,0
DA:76,0
DA:77,0
DA:79,0
DA:80,0
LF:36
LH:25
BRDA:18,0,0,0
BRDA:18,1,0,0
BRDA:22,2,0,12
BRDA:22,2,1,12
BRDA:36,3,0,0
BRDA:36,4,0,0
BRDA:37,5,0,2
BRDA:37,5,1,0
BRDA:47,6,0,0
BRDA:47,6,1,10
BRDA:63,7,0,0
BRDA:63,7,1,2
BRDA:77,8,0,0
BRDA:77,8,1,0
BRF:14
BRH:5
end_of_record
TN:
SF:src\mora.js
FN:11,calcularMora
FN:24,calcularSaldo
FNF:2
FNH:2
FNDA:29,calcularMora
FNDA:27,calcularSaldo
DA:12,29
DA:14,24
DA:15,24
DA:17,24
DA:18,24
DA:20,24
DA:25,27
DA:26,27
DA:29,3
LF:9
LH:9
BRDA:11,0,0,24
BRDA:12,1,0,5
BRDA:12,1,1,24
BRDA:20,2,0,7
BRDA:20,2,1,17
BRDA:25,3,0,27
BRDA:25,3,1,13
BRF:7
BRH:7
end_of_record
TN:
SF:src\oauth-google.js
FN:15,base64url
FN:20,crearVerifier
FN:24,challengeDe
FN:29,urlBase
FN:35,urlAutorizacion
FN:49,canjearCodigo
FN:64,(anonymous_6)
FN:93,permitido
FN:95,(anonymous_8)
FNF:9
FNH:7
FNDA:6,base64url
FNDA:4,crearVerifier
FNDA:2,challengeDe
FNDA:1,urlBase
FNDA:1,urlAutorizacion
FNDA:0,canjearCodigo
FNDA:0,(anonymous_6)
FNDA:6,permitido
FNDA:9,(anonymous_8)
DA:13,2
DA:16,6
DA:21,4
DA:25,2
DA:30,1
DA:31,0
DA:36,1
DA:42,1
DA:50,0
DA:63,0
DA:64,0
DA:65,0
DA:68,0
DA:69,0
DA:70,0
DA:72,0
DA:74,0
DA:94,6
DA:95,9
DA:96,6
DA:98,4
DA:99,4
DA:101,3
DA:104,2
LF:24
LH:14
BRDA:30,0,0,1
BRDA:30,0,1,0
BRDA:63,1,0,0
BRDA:63,1,1,0
BRDA:69,2,0,0
BRDA:69,2,1,0
BRDA:70,3,0,0
BRDA:70,3,1,0
BRDA:72,4,0,0
BRDA:72,4,1,0
BRDA:77,5,0,0
BRDA:77,5,1,0
BRDA:77,5,2,0
BRDA:78,6,0,0
BRDA:78,6,1,0
BRDA:78,6,2,0
BRDA:94,7,0,6
BRDA:94,7,1,2
BRDA:96,8,0,2
BRDA:96,8,1,4
BRDA:98,9,0,4
BRDA:98,9,1,2
BRDA:99,10,0,1
BRDA:99,10,1,3
BRDA:99,11,0,4
BRDA:99,11,1,2
BRF:26
BRH:11
end_of_record
TN:
SF:src\routes\auth.js
FN:10,ponerCookieSesion
FN:19,(anonymous_1)
FN:36,(anonymous_2)
FN:52,(anonymous_3)
FN:57,(anonymous_4)
FN:81,(anonymous_5)
FN:82,(anonymous_6)
FNF:7
FNH:5
FNDA:5,ponerCookieSesion
FNDA:7,(anonymous_1)
FNDA:0,(anonymous_2)
FNDA:0,(anonymous_3)
FNDA:1,(anonymous_4)
FNDA:2,(anonymous_5)
FNDA:2,(anonymous_6)
DA:1,2
DA:2,2
DA:3,2
DA:4,2
DA:6,2
DA:8,2
DA:11,5
DA:19,2
DA:20,7
DA:21,7
DA:22,7
DA:23,0
DA:26,7
DA:27,7
DA:29,5
DA:30,5
DA:32,0
DA:36,2
DA:37,0
DA:38,0
DA:39,0
DA:40,0
DA:41,0
DA:43,0
DA:52,2
DA:53,0
DA:57,2
DA:58,1
DA:59,1
DA:60,0
DA:63,1
DA:67,1
DA:74,1
DA:76,0
DA:81,2
DA:82,2
DA:84,2
DA:85,2
DA:86,2
DA:87,2
DA:89,2
DA:90,1
DA:92,0
DA:94,0
DA:96,0
DA:98,0
DA:106,0
DA:108,0
DA:117,0
DA:120,0
DA:121,0
DA:122,0
DA:127,0
DA:128,0
DA:129,0
DA:133,2
LF:56
LH:32
BRDA:21,0,0,7
BRDA:21,0,1,0
BRDA:22,1,0,0
BRDA:22,1,1,7
BRDA:22,2,0,7
BRDA:22,2,1,7
BRDA:27,3,0,2
BRDA:27,3,1,5
BRDA:38,4,0,0
BRDA:38,4,1,0
BRDA:39,5,0,0
BRDA:39,5,1,0
BRDA:53,6,0,0
BRDA:53,6,1,0
BRDA:59,7,0,0
BRDA:59,7,1,1
BRDA:59,8,0,1
BRDA:59,8,1,1
BRDA:86,9,0,2
BRDA:86,9,1,2
BRDA:89,10,0,1
BRDA:89,10,1,1
BRDA:90,11,0,1
BRDA:90,11,1,0
BRDA:96,12,0,0
BRDA:96,12,1,0
BRDA:106,13,0,0
BRDA:106,13,1,0
BRDA:127,14,0,0
BRDA:127,14,1,0
BRF:30
BRH:14
end_of_record
TN:
SF:src\routes\clientes.js
FN:12,(anonymous_0)
FN:12,(anonymous_1)
FN:15,(anonymous_2)
FN:25,(anonymous_3)
FN:31,(anonymous_4)
FN:48,(anonymous_5)
FNF:6
FNH:4
FNDA:8,(anonymous_0)
FNDA:16,(anonymous_1)
FNDA:1,(anonymous_2)
FNDA:0,(anonymous_3)
FNDA:15,(anonymous_4)
FNDA:0,(anonymous_5)
DA:1,2
DA:2,2
DA:3,2
DA:4,2
DA:5,2
DA:7,2
DA:8,2
DA:12,16
DA:15,2
DA:16,1
DA:19,1
DA:22,1
DA:25,2
DA:26,0
DA:27,0
DA:28,0
DA:31,2
DA:32,15
DA:33,15
DA:36,13
DA:43,13
DA:44,13
DA:48,2
DA:49,0
DA:50,0
DA:51,0
DA:52,0
DA:55,2
LF:28
LH:21
BRDA:19,0,0,0
BRDA:19,0,1,1
BRDA:27,1,0,0
BRDA:27,1,1,0
BRDA:32,2,0,15
BRDA:32,2,1,0
BRDA:33,3,0,2
BRDA:33,3,1,13
BRDA:33,4,0,15
BRDA:33,4,1,13
BRDA:40,5,0,13
BRDA:40,5,1,13
BRDA:40,6,0,13
BRDA:40,6,1,13
BRDA:40,7,0,13
BRDA:40,7,1,13
BRDA:50,8,0,0
BRDA:50,8,1,0
BRF:18
BRH:12
end_of_record
TN:
SF:src\routes\fiados.js
FN:11,(anonymous_0)
FN:11,(anonymous_1)
FN:21,enriquecer
FN:31,(anonymous_3)
FN:40,(anonymous_4)
FN:62,(anonymous_5)
FN:72,(anonymous_6)
FNF:7
FNH:6
FNDA:6,(anonymous_0)
FNDA:12,(anonymous_1)
FNDA:11,enriquecer
FNDA:0,(anonymous_3)
FNDA:7,(anonymous_4)
FNDA:5,(anonymous_5)
FNDA:5,(anonymous_6)
DA:1,2
DA:2,2
DA:3,2
DA:4,2
DA:5,2
DA:6,2
DA:8,2
DA:9,2
DA:11,12
DA:15,2
DA:22,11
DA:31,2
DA:32,0
DA:33,0
DA:37,0
DA:40,2
DA:41,7
DA:42,7
DA:43,0
DA:45,7
DA:47,6
DA:48,6
DA:50,6
DA:57,6
DA:58,6
DA:62,2
DA:63,5
DA:64,5
DA:66,5
DA:67,5
DA:72,5
DA:73,5
DA:79,5
DA:84,5
DA:89,5
DA:91,5
DA:96,5
DA:99,5
DA:100,5
DA:103,2
LF:40
LH:36
BRDA:33,0,0,0
BRDA:33,0,1,0
BRDA:41,1,0,7
BRDA:41,1,1,0
BRDA:42,2,0,0
BRDA:42,2,1,7
BRDA:42,3,0,7
BRDA:42,3,1,7
BRDA:42,3,2,7
BRDA:42,3,3,7
BRDA:45,4,0,1
BRDA:45,4,1,6
BRDA:48,5,0,0
BRDA:48,5,1,6
BRDA:54,6,0,6
BRDA:54,6,1,6
BRDA:63,7,0,5
BRDA:63,7,1,0
BRDA:64,8,0,0
BRDA:64,8,1,5
BRDA:64,9,0,5
BRDA:64,9,1,5
BRDA:67,10,0,0
BRDA:67,10,1,5
BRDA:89,11,0,1
BRDA:89,11,1,4
BRF:26
BRH:18
end_of_record
TN:
SF:src\routes\health.js
FN:6,(anonymous_0)
FNF:1
FNH:1
FNDA:1,(anonymous_0)
DA:1,2
DA:2,2
DA:4,2
DA:6,2
DA:7,1
DA:8,1
DA:9,1
DA:11,0
DA:14,1
DA:23,2
LF:10
LH:9
BRDA:15,0,0,1
BRDA:15,0,1,0
BRF:2
BRH:1
end_of_record
TN:
SF:src\routes\publico.js
FN:16,abreviar
FN:23,(anonymous_1)
FN:28,(anonymous_2)
FN:42,(anonymous_3)
FN:61,(anonymous_4)
FNF:5
FNH:4
FNDA:16,abreviar
FNDA:7,(anonymous_1)
FNDA:4,(anonymous_2)
FNDA:13,(anonymous_3)
FNDA:0,(anonymous_4)
DA:1,2
DA:2,2
DA:3,2
DA:4,2
DA:6,2
DA:17,16
DA:18,16
DA:19,15
DA:23,2
DA:24,7
DA:28,7
DA:42,13
DA:50,0
DA:61,2
DA:62,0
DA:63,0
DA:65,0
DA:66,0
DA:68,0
DA:71,2
LF:20
LH:14
BRDA:18,0,0,1
BRDA:18,0,1,15
BRDA:65,1,0,0
BRDA:65,1,1,0
BRDA:65,2,0,0
BRDA:65,2,1,0
BRF:6
BRH:2
end_of_record
